000,000->000
000,001->100
000,010->100
000,011->100
000,100->000
000,101->110
000,110->111
000,111->101
001,000->000
001,001->100
001,010->000
001,011->000
001,100->010
001,101->100
001,110->001
001,111->011
010,000->000
010,001->000
010,010->100
010,011->000
010,100->011
010,101->001
010,110->100
010,111->010
011,000->000
011,001->000
011,010->000
011,011->100
011,100->001
011,101->011
011,110->010
011,111->100
100,000->000
100,001->110
100,010->111
100,011->101
100,100->000
100,101->100
100,110->100
100,111->100
101,000->000
101,001->110
101,010->011
101,011->001
101,100->010
101,101->110
101,110->010
101,111->010
110,000->000
110,001->010
110,010->111
110,011->001
110,100->011
110,101->011
110,110->111
110,111->011
111,000->000
111,001->010
111,010->011
111,011->101
111,100->001
111,101->001
111,110->001
111,111->101
